\BOOKMARK [1][-]{toc.1}{Inhaltsverzeichnis}{}% 1
\BOOKMARK [0][-]{section*.1}{Vorwort}{}% 2
\BOOKMARK [0][-]{part.1}{I Wintersemester 2018/2019: Vorlesungen 01-13}{}% 3
\BOOKMARK [1][-]{section.1}{Grundlagen}{part.1}% 4
\BOOKMARK [2][-]{subsection.1.1}{Hauptdreikl\344nge}{section.1}% 5
\BOOKMARK [2][-]{subsection.1.2}{Quintverwandtschaft}{section.1}% 6
\BOOKMARK [2][-]{subsection.1.3}{Kadenz in Dur}{section.1}% 7
\BOOKMARK [3][-]{subsubsection.1.3.1}{Authentischer Schluss/Ganzschluss}{subsection.1.3}% 8
\BOOKMARK [3][-]{subsubsection.1.3.2}{Plagalschluss}{subsection.1.3}% 9
\BOOKMARK [2][-]{subsection.1.4}{Tonumf\344nge}{section.1}% 10
\BOOKMARK [2][-]{subsection.1.5}{Bewegungsarten}{section.1}% 11
\BOOKMARK [2][-]{subsection.1.6}{Lagenbegriffe}{section.1}% 12
\BOOKMARK [3][-]{subsubsection.1.6.1}{Abstandslage}{subsection.1.6}% 13
\BOOKMARK [3][-]{subsubsection.1.6.2}{Diskantlage}{subsection.1.6}% 14
\BOOKMARK [1][-]{section.2}{Parallelverbot}{part.1}% 15
\BOOKMARK [2][-]{subsection.2.1}{Arten von Parallelen}{section.2}% 16
\BOOKMARK [3][-]{subsubsection.2.1.1}{Offene Parallelen}{subsection.2.1}% 17
\BOOKMARK [3][-]{subsubsection.2.1.2}{Akzentparallelen}{subsection.2.1}% 18
\BOOKMARK [3][-]{subsubsection.2.1.3}{Nachschlagende Parallelen}{subsection.2.1}% 19
\BOOKMARK [3][-]{subsubsection.2.1.4}{Verdeckte Parallelen}{subsection.2.1}% 20
\BOOKMARK [2][-]{subsection.2.2}{Zusammenfassung Parallelen}{section.2}% 21
\BOOKMARK [1][-]{section.3}{Satzregeln}{part.1}% 22
\BOOKMARK [2][-]{subsection.3.1}{Verdoppelung}{section.3}% 23
\BOOKMARK [2][-]{subsection.3.2}{Gegenbewegung}{section.3}% 24
\BOOKMARK [2][-]{subsection.3.3}{Gesetz des n\344chsten Weges}{section.3}% 25
\BOOKMARK [2][-]{subsection.3.4}{Linearit\344t}{section.3}% 26
\BOOKMARK [2][-]{subsection.3.5}{Stimmkreuzung}{section.3}% 27
\BOOKMARK [1][-]{section.4}{Akkordumkehrungen}{part.1}% 28
\BOOKMARK [2][-]{subsection.4.1}{Sextakkorde}{section.4}% 29
\BOOKMARK [3][-]{subsubsection.4.1.1}{Tonikasextakkord}{subsection.4.1}% 30
\BOOKMARK [3][-]{subsubsection.4.1.2}{Subdominantsextakkord}{subsection.4.1}% 31
\BOOKMARK [2][-]{subsection.4.2}{Dominantsextakkord}{section.4}% 32
\BOOKMARK [1][-]{section.5}{Harmoniefremde T\366ne}{part.1}% 33
\BOOKMARK [2][-]{subsection.5.1}{Harmoniefremde T\366ne auf unbetonter Taktzeit}{section.5}% 34
\BOOKMARK [3][-]{subsubsection.5.1.1}{Durchgangsnoten}{subsection.5.1}% 35
\BOOKMARK [3][-]{subsubsection.5.1.2}{Wechselnoten}{subsection.5.1}% 36
\BOOKMARK [3][-]{subsubsection.5.1.3}{Vorausnahmenoten}{subsection.5.1}% 37
\BOOKMARK [3][-]{subsubsection.5.1.4}{Nebennoten}{subsection.5.1}% 38
\BOOKMARK [1][-]{section.6}{Vorhalte}{part.1}% 39
\BOOKMARK [2][-]{subsection.6.1}{Harmoniefremde T\366ne auf betonter Taktzeit}{section.6}% 40
\BOOKMARK [3][-]{subsubsection.6.1.1}{Vorbereiteter Vorhalt}{subsection.6.1}% 41
\BOOKMARK [3][-]{subsubsection.6.1.2}{Unvorbereiteter Vorhalt}{subsection.6.1}% 42
\BOOKMARK [3][-]{subsubsection.6.1.3}{Quartvorhalt}{subsection.6.1}% 43
\BOOKMARK [3][-]{subsubsection.6.1.4}{Nonvorhalt}{subsection.6.1}% 44
\BOOKMARK [2][-]{subsection.6.2}{Unterscheidung Vorhalt und harter Durchgang}{section.6}% 45
\BOOKMARK [1][-]{section.7}{Quartsextakkorde}{part.1}% 46
\BOOKMARK [2][-]{subsection.7.1}{Anwendungsformen der Quartsextakkorde}{section.7}% 47
\BOOKMARK [3][-]{subsubsection.7.1.1}{Quartsextakkorde auf unbetonter Z\344hlzeit}{subsection.7.1}% 48
\BOOKMARK [3][-]{subsubsection.7.1.2}{Quartsextakkorde auf betonte Z\344hlzeit}{subsection.7.1}% 49
\BOOKMARK [1][-]{section.8}{Moll}{part.1}% 50
\BOOKMARK [2][-]{subsection.8.1}{Kadenz in Moll}{section.8}% 51
\BOOKMARK [2][-]{subsection.8.2}{Tonika in Moll}{section.8}% 52
\BOOKMARK [2][-]{subsection.8.3}{Dominante in Moll}{section.8}% 53
\BOOKMARK [2][-]{subsection.8.4}{Umkehrungen in Moll}{section.8}% 54
\BOOKMARK [1][-]{section.9}{Der Dominantseptakkord}{part.1}% 55
\BOOKMARK [2][-]{subsection.9.1}{Dominantseptakkorde mit Durdreiklang}{section.9}% 56
\BOOKMARK [3][-]{subsubsection.9.1.1}{Entstehung eines Dominantseptakkordes}{subsection.9.1}% 57
\BOOKMARK [3][-]{subsubsection.9.1.2}{Auftreten eines Dominantseptakkordes}{subsection.9.1}% 58
\BOOKMARK [3][-]{subsubsection.9.1.3}{Unvorbereiteter Dominantseptakkord}{subsection.9.1}% 59
\BOOKMARK [2][-]{subsection.9.2}{Dominantseptakkorde und verminderter Dreiklang}{section.9}% 60
\BOOKMARK [3][-]{subsubsection.9.2.1}{Der verminderte Dreiklang}{subsection.9.2}% 61
\BOOKMARK [3][-]{subsubsection.9.2.2}{Entstehung des verminderten Dreiklangs}{subsection.9.2}% 62
\BOOKMARK [3][-]{subsubsection.9.2.3}{Harmonisierung der vierten Tonleiterstufe}{subsection.9.2}% 63
\BOOKMARK [3][-]{subsubsection.9.2.4}{Stimmf\374hrungen mit Dominantseptakkorden}{subsection.9.2}% 64
\BOOKMARK [1][-]{section.10}{Nonakkorde}{part.1}% 65
\BOOKMARK [2][-]{subsection.10.1}{Eigenschaften des Nonakkords}{section.10}% 66
\BOOKMARK [2][-]{subsection.10.2}{Satzregeln}{section.10}% 67
\BOOKMARK [2][-]{subsection.10.3}{Dominant-Ausdehnung}{section.10}% 68
\BOOKMARK [1][-]{section.11}{Der verminderte Septakkord}{part.1}% 69
\BOOKMARK [2][-]{subsection.11.1}{Aufl\366sung eines verminderten Septakkords}{section.11}% 70
\BOOKMARK [3][-]{subsubsection.11.1.1}{Aufl\366sen bei Terz im Bass}{subsection.11.1}% 71
\BOOKMARK [3][-]{subsubsection.11.1.2}{Aufl\366sen bei Quinte im Bass}{subsection.11.1}% 72
\BOOKMARK [3][-]{subsubsection.11.1.3}{Aufl\366sen bei Septime im Bass}{subsection.11.1}% 73
\BOOKMARK [3][-]{subsubsection.11.1.4}{Aufl\366sen bei None im Bass}{subsection.11.1}% 74
\BOOKMARK [2][-]{subsection.11.2}{Besonderheit des verminderten Septakkordes}{section.11}% 75
\BOOKMARK [1][-]{section.12}{Sixte ajout\351e}{part.1}% 76
\BOOKMARK [2][-]{subsection.12.1}{Entstehung des Sixte ajout\351e}{section.12}% 77
\BOOKMARK [2][-]{subsection.12.2}{Bedeutung des Sixte ajout\351e}{section.12}% 78
\BOOKMARK [2][-]{subsection.12.3}{Anwendung des Sixte ajout\351e}{section.12}% 79
\BOOKMARK [1][-]{section.13}{Subdominantische Sextakkorde}{part.1}% 80
\BOOKMARK [2][-]{subsection.13.1}{Anwendung des subdominantischen Sextakkordes}{section.13}% 81
\BOOKMARK [0][-]{part.2}{II Sommersemester 2019: Vorlesungen 14-24}{}% 82
\BOOKMARK [1][-]{section.14}{Der neapolitanische Sextakkord}{part.2}% 83
\BOOKMARK [2][-]{subsection.14.1}{Entstehung des neapolitanischen Sextakkords}{section.14}% 84
\BOOKMARK [2][-]{subsection.14.2}{Merkmale des neapolitanischen Sextakkordes}{section.14}% 85
\BOOKMARK [2][-]{subsection.14.3}{Satztechnische Verwendung}{section.14}% 86
\BOOKMARK [1][-]{section.15}{Nebenstufen in Dur}{part.2}% 87
\BOOKMARK [2][-]{subsection.15.1}{Grundlagen zu Nebendreikl\344ngen}{section.15}% 88
\BOOKMARK [2][-]{subsection.15.2}{Verwandschaftsgrade}{section.15}% 89
\BOOKMARK [2][-]{subsection.15.3}{Satztechnik}{section.15}% 90
\BOOKMARK [3][-]{subsubsection.15.3.1}{Als Vertreter der Hauptdreikl\344nge}{subsection.15.3}% 91
\BOOKMARK [1][-]{section.16}{Nebenstufen in Dur II}{part.2}% 92
\BOOKMARK [2][-]{subsection.16.1}{Satztechnik \(Fortsetzung\)}{section.16}% 93
\BOOKMARK [2][-]{subsection.16.2}{Kombination mit Hauptdreikl\344ngen}{section.16}% 94
\BOOKMARK [2][-]{subsection.16.3}{Weitere Verwendungen der Tonikaparallele}{section.16}% 95
\BOOKMARK [2][-]{subsection.16.4}{Kombinationen bei Quintverwandschaft}{section.16}% 96
\BOOKMARK [2][-]{subsection.16.5}{Umkehrungen von Nebendreikl\344ngen}{section.16}% 97
\BOOKMARK [2][-]{subsection.16.6}{Entscheidungshilfen im \334berblick}{section.16}% 98
\BOOKMARK [3][-]{subsubsection.16.6.1}{Tonikagegenklang oder Dominantparallele}{subsection.16.6}% 99
\BOOKMARK [3][-]{subsubsection.16.6.2}{Subdominantparallele oder subdominantischer Sextakkord}{subsection.16.6}% 100
\BOOKMARK [1][-]{section.17}{Zwischendominanten}{part.2}% 101
\BOOKMARK [2][-]{subsection.17.1}{Entstehung}{section.17}% 102
\BOOKMARK [2][-]{subsection.17.2}{Doppeldominante}{section.17}% 103
\BOOKMARK [1][-]{section.18}{Ausweichungen}{part.2}% 104
\BOOKMARK [2][-]{subsection.18.1}{Ausweichung / Modulation}{section.18}% 105
\BOOKMARK [2][-]{subsection.18.2}{Ausweichungen innerhalb von Ausweichungen}{section.18}% 106
\BOOKMARK [2][-]{subsection.18.3}{R\374ckbezogene Ausweichungen}{section.18}% 107
\BOOKMARK [2][-]{subsection.18.4}{Ellipsen}{section.18}% 108
\BOOKMARK [1][-]{section.19}{Nebenstufen in Moll}{part.2}% 109
\BOOKMARK [2][-]{subsection.19.1}{Grundlagen}{section.19}% 110
\BOOKMARK [2][-]{subsection.19.2}{Bedeutungen der einzelnen Nebenkl\344nge}{section.19}% 111
\BOOKMARK [3][-]{subsubsection.19.2.1}{Nebendreikl\344nge von Dominante und Subdominante}{subsection.19.2}% 112
\BOOKMARK [3][-]{subsubsection.19.2.2}{Trugschluss in Moll}{subsection.19.2}% 113
\BOOKMARK [3][-]{subsubsection.19.2.3}{Terzfall und Steigende Terz}{subsection.19.2}% 114
\BOOKMARK [1][-]{section.20}{Zwischendominanten in Moll}{part.2}% 115
\BOOKMARK [1][-]{section.21}{Erweiterte Tonalit\344t}{part.2}% 116
\BOOKMARK [2][-]{subsection.21.1}{Vertauschter Trugschluss}{section.21}% 117
\BOOKMARK [1][-]{section.22}{Entfernte Terzverwandtschaft}{part.2}% 118
\BOOKMARK [2][-]{subsection.22.1}{Grade der Terzverwandtschaft}{section.22}% 119
\BOOKMARK [2][-]{subsection.22.2}{Unterscheidung Zwischendominanten oder entfernte Terzverwandtschaft}{section.22}% 120
\BOOKMARK [2][-]{subsection.22.3}{Enharmonische Verwechslung}{section.22}% 121
\BOOKMARK [1][-]{section.23}{Alterationen}{part.2}% 122
\BOOKMARK [2][-]{subsection.23.1}{Grundlegendes}{section.23}% 123
\BOOKMARK [2][-]{subsection.23.2}{Arten von Alterationen}{section.23}% 124
\BOOKMARK [3][-]{subsubsection.23.2.1}{Alterierte Dominanten}{subsection.23.2}% 125
\BOOKMARK [3][-]{subsubsection.23.2.2}{Alterierte Subdomiantsexten}{subsection.23.2}% 126
\BOOKMARK [3][-]{subsubsection.23.2.3}{Alterierte Dominantseptime}{subsection.23.2}% 127
\BOOKMARK [2][-]{subsection.23.3}{Mehrdeutigkeit des klanglichen Dominantseptakkords}{section.23}% 128
\BOOKMARK [1][-]{section.24}{Modulationen}{part.2}% 129
\BOOKMARK [2][-]{subsection.24.1}{Definition und Zweck}{section.24}% 130
\BOOKMARK [2][-]{subsection.24.2}{Arten von Modulation}{section.24}% 131
\BOOKMARK [3][-]{subsubsection.24.2.1}{direkt-diatonische Modulation}{subsection.24.2}% 132
\BOOKMARK [3][-]{subsubsection.24.2.2}{indirekt-diatonische Modulation}{subsection.24.2}% 133
\BOOKMARK [3][-]{subsubsection.24.2.3}{chromatische Modulation}{subsection.24.2}% 134
\BOOKMARK [3][-]{subsubsection.24.2.4}{enharmonische Modulation}{subsection.24.2}% 135
\BOOKMARK [3][-]{subsubsection.24.2.5}{chromatisch-enharmonische Modulation}{subsection.24.2}% 136
\BOOKMARK [3][-]{subsubsection.24.2.6}{tonzentrale Modulation}{subsection.24.2}% 137
\BOOKMARK [3][-]{subsubsection.24.2.7}{lineare Modulation}{subsection.24.2}% 138
\BOOKMARK [3][-]{subsubsection.24.2.8}{Modulation durch Tonalit\344tsspr\374nge}{subsection.24.2}% 139
\BOOKMARK [1][-]{section.25}{Schlussbemerkungen}{part.2}% 140
